{"/var/www/gulp-version-filename/index.js":{"path":"/var/www/gulp-version-filename/index.js","s":{"1":1,"2":1,"3":1,"4":4,"5":4,"6":4,"7":4,"8":4,"9":4,"10":4,"11":4,"12":4,"13":2,"14":1,"15":1,"16":2,"17":2,"18":2,"19":2,"20":2,"21":2,"22":0,"23":2,"24":4},"b":{"1":[4,2],"2":[4,3],"3":[2,2],"4":[1,1],"5":[0,2]},"f":{"1":4,"2":4},"fnMap":{"1":{"name":"(anonymous_1)","line":6,"loc":{"start":{"line":6,"column":17},"end":{"line":6,"column":35}}},"2":{"name":"(anonymous_2)","line":12,"loc":{"start":{"line":12,"column":22},"end":{"line":12,"column":58}}}},"statementMap":{"1":{"start":{"line":3,"column":0},"end":{"line":3,"column":31}},"2":{"start":{"line":4,"column":0},"end":{"line":4,"column":27}},"3":{"start":{"line":6,"column":0},"end":{"line":50,"column":1}},"4":{"start":{"line":8,"column":2},"end":{"line":8,"column":58}},"5":{"start":{"line":10,"column":2},"end":{"line":10,"column":26}},"6":{"start":{"line":12,"column":2},"end":{"line":47,"column":4}},"7":{"start":{"line":13,"column":4},"end":{"line":13,"column":44}},"8":{"start":{"line":14,"column":4},"end":{"line":14,"column":16}},"9":{"start":{"line":15,"column":4},"end":{"line":15,"column":21}},"10":{"start":{"line":16,"column":4},"end":{"line":16,"column":19}},"11":{"start":{"line":19,"column":4},"end":{"line":19,"column":39}},"12":{"start":{"line":23,"column":4},"end":{"line":28,"column":5}},"13":{"start":{"line":25,"column":6},"end":{"line":25,"column":54}},"14":{"start":{"line":25,"column":26},"end":{"line":25,"column":54}},"15":{"start":{"line":27,"column":6},"end":{"line":27,"column":101}},"16":{"start":{"line":31,"column":4},"end":{"line":31,"column":58}},"17":{"start":{"line":32,"column":4},"end":{"line":32,"column":46}},"18":{"start":{"line":34,"column":4},"end":{"line":34,"column":42}},"19":{"start":{"line":38,"column":4},"end":{"line":38,"column":55}},"20":{"start":{"line":39,"column":4},"end":{"line":39,"column":59}},"21":{"start":{"line":42,"column":4},"end":{"line":44,"column":5}},"22":{"start":{"line":43,"column":6},"end":{"line":43,"column":42}},"23":{"start":{"line":46,"column":4},"end":{"line":46,"column":25}},"24":{"start":{"line":49,"column":2},"end":{"line":49,"column":16}}},"branchMap":{"1":{"line":10,"type":"binary-expr","locations":[{"start":{"line":10,"column":12},"end":{"line":10,"column":19}},{"start":{"line":10,"column":23},"end":{"line":10,"column":25}}]},"2":{"line":19,"type":"binary-expr","locations":[{"start":{"line":19,"column":14},"end":{"line":19,"column":25}},{"start":{"line":19,"column":29},"end":{"line":19,"column":38}}]},"3":{"line":23,"type":"if","locations":[{"start":{"line":23,"column":4},"end":{"line":23,"column":4}},{"start":{"line":23,"column":4},"end":{"line":23,"column":4}}]},"4":{"line":25,"type":"if","locations":[{"start":{"line":25,"column":6},"end":{"line":25,"column":6}},{"start":{"line":25,"column":6},"end":{"line":25,"column":6}}]},"5":{"line":42,"type":"if","locations":[{"start":{"line":42,"column":4},"end":{"line":42,"column":4}},{"start":{"line":42,"column":4},"end":{"line":42,"column":4}}]}}}}