TN:
SF:/home/brwnll/Code/gulp-version-filename/index.js
FN:4,(anonymous_1)
FN:9,(anonymous_2)
FNF:2
FNH:2
FNDA:5,(anonymous_1)
FNDA:5,(anonymous_2)
DA:1,1
DA:2,1
DA:4,1
DA:5,5
DA:7,5
DA:9,5
DA:10,5
DA:11,5
DA:12,5
DA:13,5
DA:16,5
DA:20,5
DA:22,2
DA:24,1
DA:31,3
DA:32,3
DA:33,3
DA:35,3
DA:39,3
DA:40,3
DA:43,3
DA:44,1
DA:47,3
DA:50,5
LF:24
LH:24
BRDA:7,1,0,5
BRDA:7,1,1,3
BRDA:16,2,0,5
BRDA:16,2,1,4
BRDA:20,3,0,2
BRDA:20,3,1,3
BRDA:22,4,0,1
BRDA:22,4,1,1
BRDA:43,5,0,1
BRDA:43,5,1,2
BRF:10
BRH:10
end_of_record
