TN:
SF:/Users/dustinb/Code/gulp-version-filename/index.js
FN:6,(anonymous_1)
FN:12,(anonymous_2)
FNF:2
FNH:2
FNDA:5,(anonymous_1)
FNDA:5,(anonymous_2)
DA:3,1
DA:4,1
DA:6,1
DA:8,5
DA:10,5
DA:12,5
DA:13,5
DA:14,5
DA:15,5
DA:16,5
DA:19,5
DA:23,5
DA:25,2
DA:27,1
DA:31,3
DA:32,3
DA:34,3
DA:38,3
DA:39,3
DA:42,3
DA:43,1
DA:46,3
DA:49,5
LF:23
LH:23
BRDA:10,1,0,5
BRDA:10,1,1,3
BRDA:19,2,0,5
BRDA:19,2,1,4
BRDA:23,3,0,2
BRDA:23,3,1,3
BRDA:25,4,0,1
BRDA:25,4,1,1
BRDA:42,5,0,1
BRDA:42,5,1,2
BRF:10
BRH:10
end_of_record
